<?xml version="1.0" encoding="UTF-8" ?>
<testsuite errors="0" failures="0" hostname="Jupiter" name="AuthControllerTests" tests="5" time="1.125" timestamp="2008-09-10T22:17:14">
  <properties />
  <testcase classname="AuthControllerTests" name="testUsernameAlreadyExists" time="0.953" />
  <testcase classname="AuthControllerTests" name="testUsernameWithoutPassword" time="0.016" />
  <testcase classname="AuthControllerTests" name="testPasswordsDontMatch" time="0.016" />
  <testcase classname="AuthControllerTests" name="testUsernameIsAvailable" time="0.015" />
  <testcase classname="AuthControllerTests" name="testUsernameIsNotAvailable" time="0.0" />
  <system-out><![CDATA[--Output from testUsernameAlreadyExists--
--Output from testUsernameWithoutPassword--
--Output from testPasswordsDontMatch--
--Output from testUsernameIsAvailable--
Available for: test
--Output from testUsernameIsNotAvailable--
Available for: test_user
]]></system-out>
  <system-err><![CDATA[--Output from testUsernameAlreadyExists--
--Output from testUsernameWithoutPassword--
--Output from testPasswordsDontMatch--
--Output from testUsernameIsAvailable--
--Output from testUsernameIsNotAvailable--
]]></system-err>
</testsuite>
